[2019-03-20 22:40:56] INFO [main: CodeCraft-2019.py, 149] car_path is config/car.txt
[2019-03-20 22:40:56] INFO [main: CodeCraft-2019.py, 150] road_path is config/road.txt
[2019-03-20 22:40:56] INFO [main: CodeCraft-2019.py, 151] cross_path is config/cross.txt
[2019-03-20 22:40:56] INFO [main: CodeCraft-2019.py, 152] answer_path is config/answer.txt
[2019-03-21 09:43:19] INFO [main: CodeCraft-2019.py, 149] car_path is config/car.txt
[2019-03-21 09:43:19] INFO [main: CodeCraft-2019.py, 150] road_path is config/road.txt
[2019-03-21 09:43:19] INFO [main: CodeCraft-2019.py, 151] cross_path is config/cross.txt
[2019-03-21 09:43:19] INFO [main: CodeCraft-2019.py, 152] answer_path is config/answer.txt
<<<<<<< HEAD
[2019-03-21 10:06:39] INFO [main: CodeCraft-2019.py, 149] car_path is config/car.txt
[2019-03-21 10:06:39] INFO [main: CodeCraft-2019.py, 150] road_path is config/road.txt
[2019-03-21 10:06:39] INFO [main: CodeCraft-2019.py, 151] cross_path is config/cross.txt
[2019-03-21 10:06:39] INFO [main: CodeCraft-2019.py, 152] answer_path is config/answer.txt
[2019-03-21 10:25:13] INFO [main: CodeCraft-2019.py, 147] car_path is config/car.txt
[2019-03-21 10:25:13] INFO [main: CodeCraft-2019.py, 148] road_path is config/road.txt
[2019-03-21 10:25:13] INFO [main: CodeCraft-2019.py, 149] cross_path is config/cross.txt
[2019-03-21 10:25:13] INFO [main: CodeCraft-2019.py, 150] answer_path is config/answer.txt
=======
[2019-03-21 09:57:25] INFO [main: CodeCraft-2019.py, 149] car_path is config/car.txt
[2019-03-21 09:57:25] INFO [main: CodeCraft-2019.py, 150] road_path is config/road.txt
[2019-03-21 09:57:25] INFO [main: CodeCraft-2019.py, 151] cross_path is config/cross.txt
[2019-03-21 09:57:25] INFO [main: CodeCraft-2019.py, 152] answer_path is config/answer.txt
[2019-03-21 10:09:03] INFO [main: CodeCraft-2019.py, 149] car_path is config/car.txt
[2019-03-21 10:09:03] INFO [main: CodeCraft-2019.py, 150] road_path is config/road.txt
[2019-03-21 10:09:03] INFO [main: CodeCraft-2019.py, 151] cross_path is config/cross.txt
[2019-03-21 10:09:03] INFO [main: CodeCraft-2019.py, 152] answer_path is config/answer.txt
>>>>>>> 3e38c12943be3644e37cc212ec7f88a6b89c0380
[2019-03-21 13:37:12] INFO [main: CodeCraft-2019.py, 147] car_path is config/car.txt
[2019-03-21 13:37:12] INFO [main: CodeCraft-2019.py, 148] road_path is config/road.txt
[2019-03-21 13:37:12] INFO [main: CodeCraft-2019.py, 149] cross_path is config/cross.txt
[2019-03-21 13:37:12] INFO [main: CodeCraft-2019.py, 150] answer_path is config/answer.txt
[2019-03-21 13:38:26] INFO [main: CodeCraft-2019.py, 147] car_path is config/car.txt
[2019-03-21 13:38:26] INFO [main: CodeCraft-2019.py, 148] road_path is config/road.txt
[2019-03-21 13:38:26] INFO [main: CodeCraft-2019.py, 149] cross_path is config/cross.txt
[2019-03-21 13:38:26] INFO [main: CodeCraft-2019.py, 150] answer_path is config/answer.txt
[2019-03-21 13:54:21] INFO [main: CodeCraft-2019.py, 154] car_path is config/car.txt
[2019-03-21 13:54:21] INFO [main: CodeCraft-2019.py, 155] road_path is config/road.txt
[2019-03-21 13:54:21] INFO [main: CodeCraft-2019.py, 156] cross_path is config/cross.txt
[2019-03-21 13:54:21] INFO [main: CodeCraft-2019.py, 157] answer_path is config/answer.txt
[2019-03-21 15:09:15] INFO [main: CodeCraft-2019.py, 154] car_path is config/car.txt
[2019-03-21 15:09:15] INFO [main: CodeCraft-2019.py, 155] road_path is config/road.txt
[2019-03-21 15:09:15] INFO [main: CodeCraft-2019.py, 156] cross_path is config/cross.txt
[2019-03-21 15:09:15] INFO [main: CodeCraft-2019.py, 157] answer_path is config/answer.txt
[2019-03-21 15:32:00] INFO [main: CodeCraft-2019.py, 154] car_path is config/car.txt
[2019-03-21 15:32:00] INFO [main: CodeCraft-2019.py, 155] road_path is config/road.txt
[2019-03-21 15:32:00] INFO [main: CodeCraft-2019.py, 156] cross_path is config/cross.txt
[2019-03-21 15:32:00] INFO [main: CodeCraft-2019.py, 157] answer_path is config/answer.txt
[2019-03-21 15:33:15] INFO [main: CodeCraft-2019.py, 154] car_path is config/car.txt
[2019-03-21 15:33:15] INFO [main: CodeCraft-2019.py, 155] road_path is config/road.txt
[2019-03-21 15:33:15] INFO [main: CodeCraft-2019.py, 156] cross_path is config/cross.txt
[2019-03-21 15:33:15] INFO [main: CodeCraft-2019.py, 157] answer_path is config/answer.txt
[2019-03-21 15:34:11] INFO [main: CodeCraft-2019.py, 154] car_path is config/car.txt
[2019-03-21 15:34:11] INFO [main: CodeCraft-2019.py, 155] road_path is config/road.txt
[2019-03-21 15:34:11] INFO [main: CodeCraft-2019.py, 156] cross_path is config/cross.txt
[2019-03-21 15:34:11] INFO [main: CodeCraft-2019.py, 157] answer_path is config/answer.txt
[2019-03-21 15:36:10] INFO [main: CodeCraft-2019.py, 154] car_path is config/car.txt
[2019-03-21 15:36:10] INFO [main: CodeCraft-2019.py, 155] road_path is config/road.txt
[2019-03-21 15:36:10] INFO [main: CodeCraft-2019.py, 156] cross_path is config/cross.txt
[2019-03-21 15:36:10] INFO [main: CodeCraft-2019.py, 157] answer_path is config/answer.txt
[2019-03-21 15:38:02] INFO [main: CodeCraft-2019.py, 154] car_path is config/car.txt
[2019-03-21 15:38:02] INFO [main: CodeCraft-2019.py, 155] road_path is config/road.txt
[2019-03-21 15:38:02] INFO [main: CodeCraft-2019.py, 156] cross_path is config/cross.txt
[2019-03-21 15:38:02] INFO [main: CodeCraft-2019.py, 157] answer_path is config/answer.txt
[2019-03-21 15:38:46] INFO [main: CodeCraft-2019.py, 154] car_path is config/car.txt
[2019-03-21 15:38:46] INFO [main: CodeCraft-2019.py, 155] road_path is config/road.txt
[2019-03-21 15:38:46] INFO [main: CodeCraft-2019.py, 156] cross_path is config/cross.txt
[2019-03-21 15:38:46] INFO [main: CodeCraft-2019.py, 157] answer_path is config/answer.txt
[2019-03-21 15:48:17] INFO [main: CodeCraft-2019.py, 154] car_path is config/car.txt
[2019-03-21 15:48:17] INFO [main: CodeCraft-2019.py, 155] road_path is config/road.txt
[2019-03-21 15:48:17] INFO [main: CodeCraft-2019.py, 156] cross_path is config/cross.txt
[2019-03-21 15:48:17] INFO [main: CodeCraft-2019.py, 157] answer_path is config/answer.txt
[2019-03-21 15:55:53] INFO [main: CodeCraft-2019.py, 154] car_path is config/car.txt
[2019-03-21 15:55:53] INFO [main: CodeCraft-2019.py, 155] road_path is config/road.txt
[2019-03-21 15:55:53] INFO [main: CodeCraft-2019.py, 156] cross_path is config/cross.txt
[2019-03-21 15:55:53] INFO [main: CodeCraft-2019.py, 157] answer_path is config/answer.txt
[2019-03-21 16:44:33] INFO [main: CodeCraft-2019.py, 154] car_path is config/car.txt
[2019-03-21 16:44:33] INFO [main: CodeCraft-2019.py, 155] road_path is config/road.txt
[2019-03-21 16:44:33] INFO [main: CodeCraft-2019.py, 156] cross_path is config/cross.txt
[2019-03-21 16:44:33] INFO [main: CodeCraft-2019.py, 157] answer_path is config/answer.txt
[2019-03-21 16:45:25] INFO [main: CodeCraft-2019.py, 154] car_path is config/car.txt
[2019-03-21 16:45:25] INFO [main: CodeCraft-2019.py, 155] road_path is config/road.txt
[2019-03-21 16:45:25] INFO [main: CodeCraft-2019.py, 156] cross_path is config/cross.txt
[2019-03-21 16:45:25] INFO [main: CodeCraft-2019.py, 157] answer_path is config/answer.txt
[2019-03-21 16:46:49] INFO [main: CodeCraft-2019.py, 154] car_path is config/car.txt
[2019-03-21 16:46:49] INFO [main: CodeCraft-2019.py, 155] road_path is config/road.txt
[2019-03-21 16:46:49] INFO [main: CodeCraft-2019.py, 156] cross_path is config/cross.txt
[2019-03-21 16:46:49] INFO [main: CodeCraft-2019.py, 157] answer_path is config/answer.txt
[2019-03-21 16:50:01] INFO [main: CodeCraft-2019.py, 154] car_path is config/car.txt
[2019-03-21 16:50:01] INFO [main: CodeCraft-2019.py, 155] road_path is config/road.txt
[2019-03-21 16:50:01] INFO [main: CodeCraft-2019.py, 156] cross_path is config/cross.txt
[2019-03-21 16:50:01] INFO [main: CodeCraft-2019.py, 157] answer_path is config/answer.txt
[2019-03-21 17:05:26] INFO [main: CodeCraft-2019.py, 154] car_path is config/car.txt
[2019-03-21 17:05:26] INFO [main: CodeCraft-2019.py, 155] road_path is config/road.txt
[2019-03-21 17:05:26] INFO [main: CodeCraft-2019.py, 156] cross_path is config/cross.txt
[2019-03-21 17:05:26] INFO [main: CodeCraft-2019.py, 157] answer_path is config/answer.txt
[2019-03-21 17:09:29] INFO [main: CodeCraft-2019.py, 154] car_path is config/car.txt
[2019-03-21 17:09:29] INFO [main: CodeCraft-2019.py, 155] road_path is config/road.txt
[2019-03-21 17:09:29] INFO [main: CodeCraft-2019.py, 156] cross_path is config/cross.txt
[2019-03-21 17:09:29] INFO [main: CodeCraft-2019.py, 157] answer_path is config/answer.txt
[2019-03-21 17:12:48] INFO [main: CodeCraft-2019.py, 154] car_path is config/car.txt
[2019-03-21 17:12:48] INFO [main: CodeCraft-2019.py, 155] road_path is config/road.txt
[2019-03-21 17:12:48] INFO [main: CodeCraft-2019.py, 156] cross_path is config/cross.txt
[2019-03-21 17:12:48] INFO [main: CodeCraft-2019.py, 157] answer_path is config/answer.txt
[2019-03-21 17:16:28] INFO [main: CodeCraft-2019.py, 154] car_path is config/car.txt
[2019-03-21 17:16:28] INFO [main: CodeCraft-2019.py, 155] road_path is config/road.txt
[2019-03-21 17:16:28] INFO [main: CodeCraft-2019.py, 156] cross_path is config/cross.txt
[2019-03-21 17:16:28] INFO [main: CodeCraft-2019.py, 157] answer_path is config/answer.txt
